# JRE version: Java(TM) SE Runtime Environment (7.0_79-b15) (build 1.7.0_79-b15)
# Java VM: Java HotSpot(TM) 64-Bit Server VM (24.79-b02 mixed mode windows-amd64 compressed oops)
Heap
 PSYoungGen      total 111616K, used 48522K [0x00000000eaa80000, 0x00000000f1e00000, 0x0000000100000000)
  eden space 104960K, 39% used [0x00000000eaa80000,0x00000000ed364eb0,0x00000000f1100000)
  from space 6656K, 99% used [0x00000000f1100000,0x00000000f177db80,0x00000000f1780000)
  to   space 6656K, 0% used [0x00000000f1780000,0x00000000f1780000,0x00000000f1e00000)
 ParOldGen       total 42496K, used 21577K [0x00000000c0000000, 0x00000000c2980000, 0x00000000eaa80000)
  object space 42496K, 50% used [0x00000000c0000000,0x00000000c1512438,0x00000000c2980000)
 PSPermGen       total 34304K, used 34293K [0x00000000b0000000, 0x00000000b2180000, 0x00000000c0000000)
  object space 34304K, 99% used [0x00000000b0000000,0x00000000b217d750,0x00000000b2180000)
GC Heap History (10 events):
Event: 5.736 GC heap before
{Heap before GC invocations=9 (full 0):
 PSYoungGen      total 72192K, used 67720K [0x00000000eaa80000, 0x00000000ef780000, 0x0000000100000000)
  eden space 65536K, 100% used [0x00000000eaa80000,0x00000000eea80000,0x00000000eea80000)
  from space 6656K, 32% used [0x00000000ef100000,0x00000000ef3220e0,0x00000000ef780000)
  to   space 6656K, 0% used [0x00000000eea80000,0x00000000eea80000,0x00000000ef100000)
 ParOldGen       total 42496K, used 9558K [0x00000000c0000000, 0x00000000c2980000, 0x00000000eaa80000)
  object space 42496K, 22% used [0x00000000c0000000,0x00000000c0955848,0x00000000c2980000)
 PSPermGen       total 21504K, used 20370K [0x00000000b0000000, 0x00000000b1500000, 0x00000000c0000000)
  object space 21504K, 94% used [0x00000000b0000000,0x00000000b13e4b50,0x00000000b1500000)
Event: 5.741 GC heap after
Heap after GC invocations=9 (full 0):
 PSYoungGen      total 72192K, used 1636K [0x00000000eaa80000, 0x00000000f1e00000, 0x0000000100000000)
  eden space 65536K, 0% used [0x00000000eaa80000,0x00000000eaa80000,0x00000000eea80000)
  from space 6656K, 24% used [0x00000000eea80000,0x00000000eec190e0,0x00000000ef100000)
  to   space 6656K, 0% used [0x00000000f1780000,0x00000000f1780000,0x00000000f1e00000)
 ParOldGen       total 42496K, used 10442K [0x00000000c0000000, 0x00000000c2980000, 0x00000000eaa80000)
  object space 42496K, 24% used [0x00000000c0000000,0x00000000c0a32b58,0x00000000c2980000)
 PSPermGen       total 21504K, used 20370K [0x00000000b0000000, 0x00000000b1500000, 0x00000000c0000000)
  object space 21504K, 94% used [0x00000000b0000000,0x00000000b13e4b50,0x00000000b1500000)
}
Event: 6.657 GC heap before
{Heap before GC invocations=10 (full 0):
 PSYoungGen      total 72192K, used 67172K [0x00000000eaa80000, 0x00000000f1e00000, 0x0000000100000000)
  eden space 65536K, 100% used [0x00000000eaa80000,0x00000000eea80000,0x00000000eea80000)
  from space 6656K, 24% used [0x00000000eea80000,0x00000000eec190e0,0x00000000ef100000)
  to   space 6656K, 0% used [0x00000000f1780000,0x00000000f1780000,0x00000000f1e00000)
 ParOldGen       total 42496K, used 10442K [0x00000000c0000000, 0x00000000c2980000, 0x00000000eaa80000)
  object space 42496K, 24% used [0x00000000c0000000,0x00000000c0a32b58,0x00000000c2980000)
 PSPermGen       total 22528K, used 22499K [0x00000000b0000000, 0x00000000b1600000, 0x00000000c0000000)
  object space 22528K, 99% used [0x00000000b0000000,0x00000000b15f8db0,0x00000000b1600000)
Event: 6.665 GC heap after
Heap after GC invocations=10 (full 0):
 PSYoungGen      total 111616K, used 3400K [0x00000000eaa80000, 0x00000000f1e00000, 0x0000000100000000)
  eden space 104960K, 0% used [0x00000000eaa80000,0x00000000eaa80000,0x00000000f1100000)
  from space 6656K, 51% used [0x00000000f1780000,0x00000000f1ad23b8,0x00000000f1e00000)
  to   space 6656K, 0% used [0x00000000f1100000,0x00000000f1100000,0x00000000f1780000)
 ParOldGen       total 42496K, used 11643K [0x00000000c0000000, 0x00000000c2980000, 0x00000000eaa80000)
  object space 42496K, 27% used [0x00000000c0000000,0x00000000c0b5ec88,0x00000000c2980000)
 PSPermGen       total 22528K, used 22499K [0x00000000b0000000, 0x00000000b1600000, 0x00000000c0000000)
  object space 22528K, 99% used [0x00000000b0000000,0x00000000b15f8db0,0x00000000b1600000)
}
Event: 7.231 GC heap before
{Heap before GC invocations=11 (full 0):
 PSYoungGen      total 111616K, used 108360K [0x00000000eaa80000, 0x00000000f1e00000, 0x0000000100000000)
  eden space 104960K, 100% used [0x00000000eaa80000,0x00000000f1100000,0x00000000f1100000)
  from space 6656K, 51% used [0x00000000f1780000,0x00000000f1ad23b8,0x00000000f1e00000)
  to   space 6656K, 0% used [0x00000000f1100000,0x00000000f1100000,0x00000000f1780000)
 ParOldGen       total 42496K, used 11643K [0x00000000c0000000, 0x00000000c2980000, 0x00000000eaa80000)
  object space 42496K, 27% used [0x00000000c0000000,0x00000000c0b5ec88,0x00000000c2980000)
 PSPermGen       total 22528K, used 22506K [0x00000000b0000000, 0x00000000b1600000, 0x00000000c0000000)
  object space 22528K, 99% used [0x00000000b0000000,0x00000000b15faa70,0x00000000b1600000)
Event: 7.235 GC heap after
Heap after GC invocations=11 (full 0):
 PSYoungGen      total 111616K, used 640K [0x00000000eaa80000, 0x00000000f1e00000, 0x0000000100000000)
  eden space 104960K, 0% used [0x00000000eaa80000,0x00000000eaa80000,0x00000000f1100000)
  from space 6656K, 9% used [0x00000000f1100000,0x00000000f11a0010,0x00000000f1780000)
  to   space 6656K, 0% used [0x00000000f1780000,0x00000000f1780000,0x00000000f1e00000)
 ParOldGen       total 42496K, used 13855K [0x00000000c0000000, 0x00000000c2980000, 0x00000000eaa80000)
  object space 42496K, 32% used [0x00000000c0000000,0x00000000c0d87cb8,0x00000000c2980000)
 PSPermGen       total 22528K, used 22506K [0x00000000b0000000, 0x00000000b1600000, 0x00000000c0000000)
  object space 22528K, 99% used [0x00000000b0000000,0x00000000b15faa70,0x00000000b1600000)
}
Event: 8.420 GC heap before
{Heap before GC invocations=12 (full 0):
 PSYoungGen      total 111616K, used 105600K [0x00000000eaa80000, 0x00000000f1e00000, 0x0000000100000000)
  eden space 104960K, 100% used [0x00000000eaa80000,0x00000000f1100000,0x00000000f1100000)
  from space 6656K, 9% used [0x00000000f1100000,0x00000000f11a0010,0x00000000f1780000)
  to   space 6656K, 0% used [0x00000000f1780000,0x00000000f1780000,0x00000000f1e00000)
 ParOldGen       total 42496K, used 13855K [0x00000000c0000000, 0x00000000c2980000, 0x00000000eaa80000)
  object space 42496K, 32% used [0x00000000c0000000,0x00000000c0d87cb8,0x00000000c2980000)
 PSPermGen       total 24576K, used 24367K [0x00000000b0000000, 0x00000000b1800000, 0x00000000c0000000)
  object space 24576K, 99% used [0x00000000b0000000,0x00000000b17cbd10,0x00000000b1800000)
Event: 8.431 GC heap after
Heap after GC invocations=12 (full 0):
 PSYoungGen      total 111616K, used 5790K [0x00000000eaa80000, 0x00000000f1e00000, 0x0000000100000000)
  eden space 104960K, 0% used [0x00000000eaa80000,0x00000000eaa80000,0x00000000f1100000)
  from space 6656K, 87% used [0x00000000f1780000,0x00000000f1d27b10,0x00000000f1e00000)
  to   space 6656K, 0% used [0x00000000f1100000,0x00000000f1100000,0x00000000f1780000)
 ParOldGen       total 42496K, used 14435K [0x00000000c0000000, 0x00000000c2980000, 0x00000000eaa80000)
  object space 42496K, 33% used [0x00000000c0000000,0x00000000c0e18db8,0x00000000c2980000)
 PSPermGen       total 24576K, used 24367K [0x00000000b0000000, 0x00000000b1800000, 0x00000000c0000000)
  object space 24576K, 99% used [0x00000000b0000000,0x00000000b17cbd10,0x00000000b1800000)
}
Event: 11.294 GC heap before
{Heap before GC invocations=13 (full 0):
 PSYoungGen      total 111616K, used 110750K [0x00000000eaa80000, 0x00000000f1e00000, 0x0000000100000000)
  eden space 104960K, 100% used [0x00000000eaa80000,0x00000000f1100000,0x00000000f1100000)
  from space 6656K, 87% used [0x00000000f1780000,0x00000000f1d27b10,0x00000000f1e00000)
  to   space 6656K, 0% used [0x00000000f1100000,0x00000000f1100000,0x00000000f1780000)
 ParOldGen       total 42496K, used 14435K [0x00000000c0000000, 0x00000000c2980000, 0x00000000eaa80000)
  object space 42496K, 33% used [0x00000000c0000000,0x00000000c0e18db8,0x00000000c2980000)
 PSPermGen       total 32768K, used 32309K [0x00000000b0000000, 0x00000000b2000000, 0x00000000c0000000)
  object space 32768K, 98% used [0x00000000b0000000,0x00000000b1f8d568,0x00000000b2000000)
Event: 11.313 GC heap after
Heap after GC invocations=13 (full 0):
 PSYoungGen      total 111616K, used 6646K [0x00000000eaa80000, 0x00000000f1e00000, 0x0000000100000000)
  eden space 104960K, 0% used [0x00000000eaa80000,0x00000000eaa80000,0x00000000f1100000)
  from space 6656K, 99% used [0x00000000f1100000,0x00000000f177db80,0x00000000f1780000)
  to   space 6656K, 0% used [0x00000000f1780000,0x00000000f1780000,0x00000000f1e00000)
 ParOldGen       total 42496K, used 21577K [0x00000000c0000000, 0x00000000c2980000, 0x00000000eaa80000)
  object space 42496K, 50% used [0x00000000c0000000,0x00000000c1512438,0x00000000c2980000)
 PSPermGen       total 32768K, used 32309K [0x00000000b0000000, 0x00000000b2000000, 0x00000000c0000000)
  object space 32768K, 98% used [0x00000000b0000000,0x00000000b1f8d568,0x00000000b2000000)
}

